<?xml version="1.0" encoding="UTF-8"?>
<!-- Generated by org.testng.reporters.JUnitReportReporter -->
<testsuite hostname="MacBook-Pro.attlocal.net" failures="0" tests="1" name="com.categories.Allergy" time="6001.526" errors="0" timestamp="2023-12-19T12:22:18 PST" skipped="0">
  <testcase classname="com.categories.Allergy" name="allergiesdata" time="6001.526"/>
</testsuite> <!-- com.categories.Allergy -->
